<?xml version="1.0" encoding="UTF-8"?>
<!-- Generated by org.testng.reporters.JUnitXMLReporter -->
<testsuite ignored="7" hostname="LIN41006109" failures="0" tests="1" name="Default test" time="2.706" errors="0" timestamp="2022-07-08T15:33:26 IST">
  <testcase classname="tests.BestBuyAPITesting" name="getRequestWithQueryparam" time="1.872"/>
  <testcase classname="tests.BestBuyAPITesting" name="verifyHeader" time="0.0">
    <ignored/>
  </testcase> <!-- verifyHeader -->
  <testcase classname="tests.BestBuyAPITesting" name="verifyDeleteProduct" time="0.0">
    <ignored/>
  </testcase> <!-- verifyDeleteProduct -->
  <testcase classname="tests.BestBuyAPITesting" name="verifyGetProductWithSpecificId" time="0.0">
    <ignored/>
  </testcase> <!-- verifyGetProductWithSpecificId -->
  <testcase classname="tests.BestBuyAPITesting" name="verifyGetProductWithLimit" time="0.0">
    <ignored/>
  </testcase> <!-- verifyGetProductWithLimit -->
  <testcase classname="tests.BestBuyAPITesting" name="verifyUpdateProductWithPayloadAsObject" time="0.0">
    <ignored/>
  </testcase> <!-- verifyUpdateProductWithPayloadAsObject -->
  <testcase classname="tests.BestBuyAPITesting" name="verifyPostProduct" time="0.0">
    <ignored/>
  </testcase> <!-- verifyPostProduct -->
  <testcase classname="tests.BestBuyAPITesting" name="verifyGetProduct" time="0.0">
    <ignored/>
  </testcase> <!-- verifyGetProduct -->
</testsuite> <!-- Default test -->
