<?xml version="1.0" encoding="UTF-8"?>
<testng-results ignored="7" total="8" passed="1" failed="0" skipped="0">
  <reporter-output>
  </reporter-output>
  <suite started-at="2022-07-08T15:33:23 IST" name="Default suite" finished-at="2022-07-08T15:33:26 IST" duration-ms="2706">
    <groups>
    </groups>
    <test started-at="2022-07-08T15:33:23 IST" name="Default test" finished-at="2022-07-08T15:33:26 IST" duration-ms="2706">
      <class name="tests.BestBuyAPITesting">
        <test-method is-config="true" signature="setup()[pri:0, instance:tests.BestBuyAPITesting@61d6015a]" started-at="2022-07-08T15:33:23 IST" name="setup" finished-at="2022-07-08T15:33:24 IST" duration-ms="806" status="PASS">
          <reporter-output>
          </reporter-output>
        </test-method> <!-- setup -->
        <test-method signature="getRequestWithQueryparam()[pri:0, instance:tests.BestBuyAPITesting@61d6015a]" started-at="2022-07-08T15:33:24 IST" name="getRequestWithQueryparam" finished-at="2022-07-08T15:33:26 IST" duration-ms="1872" status="PASS">
          <reporter-output>
          </reporter-output>
        </test-method> <!-- getRequestWithQueryparam -->
      </class> <!-- tests.BestBuyAPITesting -->
    </test> <!-- Default test -->
  </suite> <!-- Default suite -->
</testng-results>
